e:\code project\c\learning\ecosystem\ecosystem\x64\debug\vc143.pdb
e:\code project\c\learning\ecosystem\ecosystem\x64\debug\vc143.idb
e:\code project\c\learning\ecosystem\ecosystem\x64\debug\world.obj
e:\code project\c\learning\ecosystem\ecosystem\x64\debug\scene.obj
e:\code project\c\learning\ecosystem\ecosystem\x64\debug\rabbit.obj
e:\code project\c\learning\ecosystem\ecosystem\x64\debug\main.obj
e:\code project\c\learning\ecosystem\ecosystem\x64\debug\lion.obj
e:\code project\c\learning\ecosystem\ecosystem\x64\debug\grass.obj
e:\code project\c\learning\ecosystem\ecosystem\x64\debug\fox.obj
e:\code project\c\learning\ecosystem\ecosystem\x64\debug\empty.obj
e:\code project\c\learning\ecosystem\ecosystem\x64\debug\basic.obj
e:\code project\c\learning\ecosystem\x64\debug\ecosystem.exe
e:\code project\c\learning\ecosystem\x64\debug\ecosystem.pdb
e:\code project\c\learning\ecosystem\ecosystem\x64\debug\ecosystem.ilk
e:\code project\c\learning\ecosystem\ecosystem\x64\debug\ecosystem.tlog\cl.command.1.tlog
e:\code project\c\learning\ecosystem\ecosystem\x64\debug\ecosystem.tlog\cl.items.tlog
e:\code project\c\learning\ecosystem\ecosystem\x64\debug\ecosystem.tlog\cl.read.1.tlog
e:\code project\c\learning\ecosystem\ecosystem\x64\debug\ecosystem.tlog\cl.write.1.tlog
e:\code project\c\learning\ecosystem\ecosystem\x64\debug\ecosystem.tlog\link.command.1.tlog
e:\code project\c\learning\ecosystem\ecosystem\x64\debug\ecosystem.tlog\link.read.1.tlog
e:\code project\c\learning\ecosystem\ecosystem\x64\debug\ecosystem.tlog\link.secondary.1.tlog
e:\code project\c\learning\ecosystem\ecosystem\x64\debug\ecosystem.tlog\link.write.1.tlog
